<?xml version="1.0" encoding="UTF-8"?>
<!-- Generated by org.testng.reporters.JUnitReportReporter -->
<testsuite skipped="0" hostname="MOB81221" name="test.NG.ParallelExecution_01" tests="3" failures="0" timestamp="22 Dec 2017 16:38:10 GMT" time="30.078" errors="0">
  <testcase name="testCase2" time="10.034" classname="test.NG.ParallelExecution_01"/>
  <testcase name="testCase3" time="10.022" classname="test.NG.ParallelExecution_01"/>
  <testcase name="testCase1" time="10.022" classname="test.NG.ParallelExecution_01"/>
</testsuite> <!-- test.NG.ParallelExecution_01 -->
