<?xml version="1.0" encoding="UTF-8"?>
<!-- Generated by org.testng.reporters.JUnitReportReporter -->
<testsuite skipped="0" hostname="MOB81221" name="test.NG.firsttest" tests="1" failures="0" timestamp="22 Dec 2017 16:18:03 GMT" time="11.122" errors="0">
  <testcase name="verifyTitle" time="11.122" classname="test.NG.firsttest"/>
</testsuite> <!-- test.NG.firsttest -->
