<?xml version="1.0" encoding="UTF-8"?>
<!-- Generated by org.testng.reporters.JUnitReportReporter -->
<testsuite skipped="0" hostname="MOB81221" name="test.NG.Grouping" tests="4" failures="0" timestamp="26 Dec 2017 15:41:56 GMT" time="0.023" errors="0">
  <testcase name="login" time="0.014" classname="test.NG.Grouping"/>
  <testcase name="search" time="0.005" classname="test.NG.Grouping"/>
  <testcase name="fundTransfer" time="0.003" classname="test.NG.Grouping"/>
  <testcase name="logout" time="0.001" classname="test.NG.Grouping"/>
</testsuite> <!-- test.NG.Grouping -->
