<?xml version="1.0" encoding="UTF-8"?>
<!-- Generated by org.testng.reporters.JUnitReportReporter -->
<testsuite skipped="0" hostname="MOB81221" name="test.NG.Grouping" tests="7" failures="0" timestamp="30 Jun 2018 11:54:28 GMT" time="0.032" errors="0">
  <testcase name="login" time="0.014" classname="test.NG.Grouping"/>
  <testcase name="advancedSearch" time="0.004" classname="test.NG.Grouping"/>
  <testcase name="search" time="0.002" classname="test.NG.Grouping"/>
  <testcase name="fundTransfer" time="0.002" classname="test.NG.Grouping"/>
  <testcase name="prePaidRecharge" time="0.003" classname="test.NG.Grouping"/>
  <testcase name="billPayments" time="0.003" classname="test.NG.Grouping"/>
  <testcase name="logout" time="0.004" classname="test.NG.Grouping"/>
</testsuite> <!-- test.NG.Grouping -->
