<?xml version="1.0" encoding="UTF-8"?>
<!-- Generated by org.testng.reporters.JUnitReportReporter -->
<testsuite skipped="0" hostname="MOB81221" name="test.NG.ParallelExecution_02" tests="3" failures="0" timestamp="01 Jul 2018 07:23:37 GMT" time="180.168" errors="0">
  <testcase name="testCase4" time="10.026" classname="test.NG.ParallelExecution_02"/>
  <testcase name="testCase5" time="70.047" classname="test.NG.ParallelExecution_02"/>
  <testcase name="testCase6" time="100.095" classname="test.NG.ParallelExecution_02"/>
</testsuite> <!-- test.NG.ParallelExecution_02 -->
