<?xml version="1.0" encoding="UTF-8"?>
<!-- Generated by org.testng.reporters.JUnitReportReporter -->
<testsuite skipped="0" hostname="MOB81221" name="test.NG.MyTest" tests="3" failures="0" timestamp="05 Jun 2018 02:53:49 GMT" time="0.025" errors="0">
  <testcase name="secondTest" time="0.002" classname="test.NG.MyTest"/>
  <testcase name="fourthTest" time="0.012" classname="test.NG.MyTest"/>
  <testcase name="firstTest" time="0.011" classname="test.NG.MyTest"/>
</testsuite> <!-- test.NG.MyTest -->
