<?xml version="1.0" encoding="UTF-8"?>
<!-- Generated by org.testng.reporters.JUnitReportReporter -->
<testsuite skipped="0" hostname="MOB81221" name="test.NG.BeforeAfterMethod" tests="2" failures="0" timestamp="26 Dec 2017 15:49:24 GMT" time="46.570" errors="0">
  <testcase name="verifyPageTitle2" time="40.183" classname="test.NG.BeforeAfterMethod"/>
  <testcase name="verifyPageTitle1" time="6.387" classname="test.NG.BeforeAfterMethod"/>
</testsuite> <!-- test.NG.BeforeAfterMethod -->
