<?xml version="1.0" encoding="UTF-8"?>
<!-- Generated by org.testng.reporters.JUnitReportReporter -->
<testsuite skipped="0" hostname="MOB81221" name="test.NG.TestSuite01$NewTest1" tests="3" failures="0" timestamp="20 Jul 2017 17:44:49 GMT" time="0.021" errors="0">
  <testcase name="addVendor" time="0.016" classname="test.NG.TestSuite01$NewTest1"/>
  <testcase name="addProduct" time="0.002" classname="test.NG.TestSuite01$NewTest1"/>
  <testcase name="addCurrency" time="0.003" classname="test.NG.TestSuite01$NewTest1"/>
</testsuite> <!-- test.NG.TestSuite01$NewTest1 -->
