<?xml version="1.0" encoding="UTF-8"?>
<!-- Generated by org.testng.reporters.JUnitReportReporter -->
<testsuite skipped="0" hostname="MOB81221" name="test.NG.Testsuite02" tests="3" failures="0" timestamp="26 Dec 2017 15:44:37 GMT" time="0.007" errors="0">
  <testcase name="deleteVendor" time="0.001" classname="test.NG.Testsuite02"/>
  <testcase name="deleteProduct" time="0.003" classname="test.NG.Testsuite02"/>
  <testcase name="deleteCurrency" time="0.003" classname="test.NG.Testsuite02"/>
</testsuite> <!-- test.NG.Testsuite02 -->
