<?xml version="1.0" encoding="UTF-8"?>
<!-- Generated by org.testng.reporters.JUnitReportReporter -->
<testsuite skipped="1" hostname="MOB81221" name="test.NG.Multipletest" tests="3" failures="0" timestamp="22 Dec 2017 16:14:29 GMT" time="0.032" errors="0">
  <testcase name="pqr" time="0.030" classname="test.NG.Multipletest"/>
  <testcase name="abcd" time="0.002" classname="test.NG.Multipletest"/>
  <testcase name="xyz" classname="test.NG.Multipletest">
    <skipped/>
  </testcase> <!-- xyz -->
</testsuite> <!-- test.NG.Multipletest -->
