<?xml version="1.0" encoding="UTF-8"?>
<!-- Generated by org.testng.reporters.JUnitReportReporter -->
<testsuite skipped="0" hostname="MOB81221" name="test.NG.Sequencing" tests="2" failures="0" timestamp="20 Jul 2017 17:09:44 GMT" time="0.023" errors="0">
  <testcase name="testCase2" time="0.002" classname="test.NG.Sequencing"/>
  <testcase name="testCase1" time="0.021" classname="test.NG.Sequencing"/>
</testsuite> <!-- test.NG.Sequencing -->
