<?xml version="1.0" encoding="UTF-8"?>
<!-- Generated by org.testng.reporters.JUnitReportReporter -->
<testsuite skipped="0" hostname="MOB81221" name="test.NG.ParallelExecution_02" tests="3" failures="0" timestamp="16 Sep 2017 18:25:35 GMT" time="0.019" errors="0">
  <testcase name="testCase6" time="0.003" classname="test.NG.ParallelExecution_02"/>
  <testcase name="testCase5" time="0.003" classname="test.NG.ParallelExecution_02"/>
  <testcase name="testCase4" time="0.013" classname="test.NG.ParallelExecution_02"/>
</testsuite> <!-- test.NG.ParallelExecution_02 -->
