<?xml version="1.0" encoding="UTF-8"?>
<!-- Generated by org.testng.reporters.JUnitReportReporter -->
<testsuite skipped="0" hostname="MOB81221" name="test.NG.BeforeafterClass" tests="1" failures="0" timestamp="26 Dec 2017 15:47:05 GMT" time="3.425" errors="0">
  <testcase name="f" time="3.425" classname="test.NG.BeforeafterClass"/>
</testsuite> <!-- test.NG.BeforeafterClass -->
