<?xml version="1.0" encoding="UTF-8"?>
<!-- Generated by org.testng.reporters.JUnitReportReporter -->
<testsuite skipped="0" hostname="MOB81221" name="test.NG.TestSuite01" tests="3" failures="0" timestamp="26 Dec 2017 15:44:37 GMT" time="0.010" errors="0">
  <testcase name="addVendor" time="0.007" classname="test.NG.TestSuite01"/>
  <testcase name="addProduct" time="0.001" classname="test.NG.TestSuite01"/>
  <testcase name="addCurrency" time="0.002" classname="test.NG.TestSuite01"/>
</testsuite> <!-- test.NG.TestSuite01 -->
