<?xml version="1.0" encoding="UTF-8"?>
<!-- Generated by org.testng.reporters.JUnitReportReporter -->
<testsuite skipped="0" hostname="MOB81221" name="test.NG.ParallelExecution_01" tests="3" failures="0" timestamp="01 Jul 2018 07:23:37 GMT" time="30.049" errors="0">
  <testcase name="testCase1" time="10.026" classname="test.NG.ParallelExecution_01"/>
  <testcase name="testCase3" time="10.017" classname="test.NG.ParallelExecution_01"/>
  <testcase name="testCase2" time="10.006" classname="test.NG.ParallelExecution_01"/>
</testsuite> <!-- test.NG.ParallelExecution_01 -->
