<?xml version="1.0" encoding="UTF-8"?>
<!-- Generated by org.testng.reporters.JUnitReportReporter -->
<testsuite skipped="0" hostname="MOB81221" name="test.test.NG.NewTest" tests="1" failures="0" timestamp="27 Dec 2017 15:48:08 GMT" time="0.012" errors="0">
  <testcase name="addVendor" time="0.012" classname="test.test.NG.NewTest"/>
</testsuite> <!-- test.test.NG.NewTest -->
