<?xml version="1.0" encoding="UTF-8"?>
<!-- Generated by org.testng.reporters.JUnitReportReporter -->
<testsuite skipped="0" hostname="MOB81221" name="test.NG.ScreenCapture" tests="1" failures="0" timestamp="10 Jan 2018 10:22:12 GMT" time="9.724" errors="0">
  <testcase name="TestJavaS1" time="9.724" classname="test.NG.ScreenCapture"/>
</testsuite> <!-- test.NG.ScreenCapture -->
