<?xml version="1.0" encoding="UTF-8"?>
<!-- Generated by org.testng.reporters.JUnitReportReporter -->
<testsuite skipped="1" hostname="MOB81221" name="test.NG.Multipletest" tests="3" failures="0" timestamp="30 Jun 2018 11:41:14 GMT" time="0.033" errors="0">
  <testcase name="pqr" time="0.028" classname="test.NG.Multipletest"/>
  <testcase name="abcd" time="0.005" classname="test.NG.Multipletest"/>
  <testcase name="xyz" classname="test.NG.Multipletest">
    <skipped/>
  </testcase> <!-- xyz -->
</testsuite> <!-- test.NG.Multipletest -->
